<?xml version="1.0" encoding="UTF-8"?>
<!-- Generated by org.testng.reporters.JUnitReportReporter -->
<testsuite hostname="DESKTOP-6J66VIM" failures="0" tests="1" name="VerifyAmount" time="1.781" errors="0" timestamp="2023-06-13T11:53:34 IST" skipped="0">
  <testcase classname="VerifyAmount" name="sumOfCourses" time="1.781"/>
  <system-out/>
</testsuite> <!-- VerifyAmount -->
