<?xml version="1.0" encoding="UTF-8"?>
<!-- Generated by org.testng.reporters.JUnitReportReporter -->
<testsuite hostname="DESKTOP-6J66VIM" failures="0" tests="4" name="com.Practice.DyanamicJsonWithPayload" time="5.962" errors="0" timestamp="2023-07-16T17:58:49 IST" skipped="0">
  <testcase classname="com.Practice.DyanamicJsonWithPayload" name="AddBookAPIs" time="0.611"/>
  <system-out/>
  <testcase classname="com.Practice.DyanamicJsonWithPayload" name="AddBookAPIs" time="1.182"/>
  <system-out/>
  <testcase classname="com.Practice.DyanamicJsonWithPayload" name="AddBookAPIs" time="3.527"/>
  <system-out/>
  <testcase classname="com.Practice.DyanamicJsonWithPayload" name="AddBookAPIs" time="0.642"/>
  <system-out/>
</testsuite> <!-- com.Practice.DyanamicJsonWithPayload -->
