<?xml version="1.0" encoding="UTF-8"?>
<!-- Generated by org.testng.reporters.JUnitReportReporter -->
<testsuite hostname="DESKTOP-6J66VIM" failures="0" tests="3" name="DyanamicJson" time="4.419" errors="0" timestamp="2024-06-11T16:17:28 IST" skipped="0">
  <testcase classname="DyanamicJson" name="addBook" time="0.304"/>
  <system-out/>
  <testcase classname="DyanamicJson" name="addBook" time="0.296"/>
  <system-out/>
  <testcase classname="DyanamicJson" name="addBook" time="3.819"/>
  <system-out/>
</testsuite> <!-- DyanamicJson -->
